<?xml version="1.0" encoding="UTF-8"?>
<!-- Generated by org.testng.reporters.JUnitXMLReporter -->
<testsuite ignored="0" hostname="NOTEBOOK" failures="0" tests="4" name="Test" time="0.088" errors="0" timestamp="2021-09-23T16:46:30 IST">
  <testcase classname="qaclickacademy.Mavenjava.RestApiTest" name="deleteTwitter" time="0.016"/>
  <testcase classname="qaclickacademy.Mavenjava.RestApiTest" name="postJira" time="0.002"/>
  <testcase classname="qaclickacademy.Mavenjava.SeleniumTest" name="browserAutomation" time="0.001"/>
  <testcase classname="qaclickacademy.Mavenjava.SeleniumTest" name="elementsUi" time="0.002"/>
</testsuite> <!-- Test -->
