<?xml version="1.0" encoding="UTF-8"?>
<!-- Generated by org.testng.reporters.JUnitXMLReporter -->
<testsuite hostname="NOTEBOOK" ignored="0" name="Test" tests="6" failures="0" timestamp="2021-09-16T11:37:56 IST" time="0.075" errors="0">
  <testcase name="deleteTwitter" time="0.007" classname="qaclickacademy.Mavenjava.RestApiTest"/>
  <testcase name="postJira" time="0.0" classname="qaclickacademy.Mavenjava.RestApiTest"/>
  <testcase name="iosApps" time="0.001" classname="qaclickacademy.Mavenjava.AppiumTest"/>
  <testcase name="nativeAppAndroid" time="0.001" classname="qaclickacademy.Mavenjava.AppiumTest"/>
  <testcase name="browserAutomation" time="0.0" classname="qaclickacademy.Mavenjava.SeleniumTest"/>
  <testcase name="elementsUi" time="0.006" classname="qaclickacademy.Mavenjava.SeleniumTest"/>
</testsuite> <!-- Test -->
