<?xml version="1.0" encoding="UTF-8"?>
<testng-results skipped="0" failed="0" ignored="0" total="6" passed="6">
  <reporter-output>
  </reporter-output>
  <suite name="Suite" duration-ms="75" started-at="2021-09-16T11:37:56 IST" finished-at="2021-09-16T11:37:56 IST">
    <groups>
    </groups>
    <test name="Test" duration-ms="75" started-at="2021-09-16T11:37:56 IST" finished-at="2021-09-16T11:37:56 IST">
      <class name="qaclickacademy.Mavenjava.AppiumTest">
        <test-method status="PASS" signature="iosApps()[pri:0, instance:qaclickacademy.Mavenjava.AppiumTest@1e965684]" name="iosApps" duration-ms="1" started-at="2021-09-16T11:37:56 IST" finished-at="2021-09-16T11:37:56 IST">
          <reporter-output>
          </reporter-output>
        </test-method> <!-- iosApps -->
        <test-method status="PASS" signature="nativeAppAndroid()[pri:0, instance:qaclickacademy.Mavenjava.AppiumTest@1e965684]" name="nativeAppAndroid" duration-ms="1" started-at="2021-09-16T11:37:56 IST" finished-at="2021-09-16T11:37:56 IST">
          <reporter-output>
          </reporter-output>
        </test-method> <!-- nativeAppAndroid -->
      </class> <!-- qaclickacademy.Mavenjava.AppiumTest -->
      <class name="qaclickacademy.Mavenjava.RestApiTest">
        <test-method status="PASS" signature="deleteTwitter()[pri:0, instance:qaclickacademy.Mavenjava.RestApiTest@64729b1e]" name="deleteTwitter" duration-ms="7" started-at="2021-09-16T11:37:56 IST" finished-at="2021-09-16T11:37:56 IST">
          <reporter-output>
          </reporter-output>
        </test-method> <!-- deleteTwitter -->
        <test-method status="PASS" signature="postJira()[pri:0, instance:qaclickacademy.Mavenjava.RestApiTest@64729b1e]" name="postJira" duration-ms="0" started-at="2021-09-16T11:37:56 IST" finished-at="2021-09-16T11:37:56 IST">
          <reporter-output>
          </reporter-output>
        </test-method> <!-- postJira -->
      </class> <!-- qaclickacademy.Mavenjava.RestApiTest -->
      <class name="qaclickacademy.Mavenjava.SeleniumTest">
        <test-method status="PASS" signature="browserAutomation()[pri:0, instance:qaclickacademy.Mavenjava.SeleniumTest@4d95d2a2]" name="browserAutomation" duration-ms="0" started-at="2021-09-16T11:37:56 IST" finished-at="2021-09-16T11:37:56 IST">
          <reporter-output>
          </reporter-output>
        </test-method> <!-- browserAutomation -->
        <test-method status="PASS" signature="elementsUi()[pri:0, instance:qaclickacademy.Mavenjava.SeleniumTest@4d95d2a2]" name="elementsUi" duration-ms="6" started-at="2021-09-16T11:37:56 IST" finished-at="2021-09-16T11:37:56 IST">
          <reporter-output>
          </reporter-output>
        </test-method> <!-- elementsUi -->
      </class> <!-- qaclickacademy.Mavenjava.SeleniumTest -->
    </test> <!-- Test -->
  </suite> <!-- Suite -->
</testng-results>
