<?xml version="1.0" encoding="UTF-8"?>
<testng-results ignored="0" total="4" passed="4" failed="0" skipped="0">
  <reporter-output>
  </reporter-output>
  <suite started-at="2021-09-23T16:46:30 IST" name="Suite" finished-at="2021-09-23T16:46:30 IST" duration-ms="88">
    <groups>
    </groups>
    <test started-at="2021-09-23T16:46:30 IST" name="Test" finished-at="2021-09-23T16:46:30 IST" duration-ms="88">
      <class name="qaclickacademy.Mavenjava.RestApiTest">
        <test-method signature="deleteTwitter()[pri:0, instance:qaclickacademy.Mavenjava.RestApiTest@1e04fa0a]" started-at="2021-09-23T16:46:30 IST" name="deleteTwitter" finished-at="2021-09-23T16:46:30 IST" duration-ms="16" status="PASS">
          <reporter-output>
          </reporter-output>
        </test-method> <!-- deleteTwitter -->
        <test-method signature="postJira()[pri:0, instance:qaclickacademy.Mavenjava.RestApiTest@1e04fa0a]" started-at="2021-09-23T16:46:30 IST" name="postJira" finished-at="2021-09-23T16:46:30 IST" duration-ms="2" status="PASS">
          <reporter-output>
          </reporter-output>
        </test-method> <!-- postJira -->
      </class> <!-- qaclickacademy.Mavenjava.RestApiTest -->
      <class name="qaclickacademy.Mavenjava.SeleniumTest">
        <test-method signature="browserAutomation()[pri:0, instance:qaclickacademy.Mavenjava.SeleniumTest@1de76cc7]" started-at="2021-09-23T16:46:30 IST" name="browserAutomation" finished-at="2021-09-23T16:46:30 IST" duration-ms="1" status="PASS">
          <reporter-output>
          </reporter-output>
        </test-method> <!-- browserAutomation -->
        <test-method signature="elementsUi()[pri:0, instance:qaclickacademy.Mavenjava.SeleniumTest@1de76cc7]" started-at="2021-09-23T16:46:30 IST" name="elementsUi" finished-at="2021-09-23T16:46:30 IST" duration-ms="2" status="PASS">
          <reporter-output>
          </reporter-output>
        </test-method> <!-- elementsUi -->
      </class> <!-- qaclickacademy.Mavenjava.SeleniumTest -->
    </test> <!-- Test -->
  </suite> <!-- Suite -->
</testng-results>
